<?xml version="1.0" encoding="UTF-8"?>
<testsuite xmlns:xsi="http://www.w3.org/2001/XMLSchema-instance" xsi:noNamespaceSchemaLocation="https://maven.apache.org/surefire/maven-surefire-plugin/xsd/surefire-test-report.xsd" name="TestSuite" time="45.342" tests="2" errors="0" skipped="0" failures="2">
  <properties>
[...]
</properties>
  <testcase name="GoogleTest" classname="com.demo.seleniumspring.googletests.GoogleSearch1Test" time="33.353">
    <failure message="Expected condition failed: waiting for com.demo.seleniumspring.page.google.SearchResult$$Lambda$782/0x0000000800fe9008@5bfc79cb (tried for 30 second(s) with 500 milliseconds interval)" type="org.openqa.selenium.TimeoutException">org.openqa.selenium.TimeoutException: Expected condition failed: waiting for com.demo.seleniumspring.page.google.SearchResult$$Lambda$782/0x0000000800fe9008@5bfc79cb (tried for 30 second(s) with 500 milliseconds interval)
	at com.demo.seleniumspring.googletests.GoogleSearch1Test.GoogleTest(GoogleSearch1Test.java:28)
Caused by: org.openqa.selenium.NoSuchWindowException: 
no such window: target window already closed
from unknown error: web view not found
  (Session info: chrome=99.0.4844.51)
Build info: version: '3.141.59', revision: 'e82be7d358', time: '2018-11-14T08:17:03'
System info: host: 'HARIHRAN', ip: '192.168.24.163', os.name: 'Windows 11', os.arch: 'amd64', os.version: '10.0', java.version: '17.0.2'
Driver info: org.openqa.selenium.chrome.ChromeDriver
Capabilities {acceptInsecureCerts: false, browserName: chrome, browserVersion: 99.0.4844.51, chrome: {chromedriverVersion: 99.0.4844.51 (d537ec02474b5..., userDataDir: C:\Users\HARIHA~1\AppData\L...}, goog:chromeOptions: {debuggerAddress: localhost:65247}, javascriptEnabled: true, networkConnectionEnabled: false, pageLoadStrategy: normal, platform: WINDOWS, platformName: WINDOWS, proxy: Proxy(), setWindowRect: true, strictFileInteractability: false, timeouts: {implicit: 0, pageLoad: 300000, script: 30000}, unhandledPromptBehavior: dismiss and notify, webauthn:extension:credBlob: true, webauthn:extension:largeBlob: true, webauthn:virtualAuthenticators: true}
Session ID: 8bbcefd9e2758b787df48909a5029f41
*** Element info: {Using=css selector, value=div.g}
	at com.demo.seleniumspring.googletests.GoogleSearch1Test.GoogleTest(GoogleSearch1Test.java:28)
</failure>
    <system-out><![CDATA[11:45:08.535 [main] DEBUG org.springframework.test.context.BootstrapUtils - Instantiating CacheAwareContextLoaderDelegate from class [org.springframework.test.context.cache.DefaultCacheAwareContextLoaderDelegate]
11:45:08.563 [main] DEBUG org.springframework.test.context.BootstrapUtils - Instantiating BootstrapContext using constructor [public org.springframework.test.context.support.DefaultBootstrapContext(java.lang.Class,org.springframework.test.context.CacheAwareContextLoaderDelegate)]
11:45:08.672 [main] DEBUG org.springframework.test.context.BootstrapUtils - Instantiating TestContextBootstrapper for test class [com.demo.seleniumspring.googletests.GoogleSearch1Test] from class [org.springframework.boot.test.context.SpringBootTestContextBootstrapper]
11:45:08.698 [main] INFO org.springframework.boot.test.context.SpringBootTestContextBootstrapper - Neither @ContextConfiguration nor @ContextHierarchy found for test class [com.demo.seleniumspring.googletests.GoogleSearch1Test], using SpringBootContextLoader
11:45:08.708 [main] DEBUG org.springframework.test.context.support.AbstractContextLoader - Did not detect default resource location for test class [com.demo.seleniumspring.googletests.GoogleSearch1Test]: class path resource [com/demo/seleniumspring/googletests/GoogleSearch1Test-context.xml] does not exist
11:45:08.710 [main] DEBUG org.springframework.test.context.support.AbstractContextLoader - Did not detect default resource location for test class [com.demo.seleniumspring.googletests.GoogleSearch1Test]: class path resource [com/demo/seleniumspring/googletests/GoogleSearch1TestContext.groovy] does not exist
11:45:08.712 [main] INFO org.springframework.test.context.support.AbstractContextLoader - Could not detect default resource locations for test class [com.demo.seleniumspring.googletests.GoogleSearch1Test]: no resource found for suffixes {-context.xml, Context.groovy}.
11:45:08.715 [main] INFO org.springframework.test.context.support.AnnotationConfigContextLoaderUtils - Could not detect default configuration classes for test class [com.demo.seleniumspring.googletests.GoogleSearch1Test]: GoogleSearch1Test does not declare any static, non-private, non-final, nested classes annotated with @Configuration.
11:45:08.882 [main] DEBUG org.springframework.test.context.support.ActiveProfilesUtils - Could not find an 'annotation declaring class' for annotation type [org.springframework.test.context.ActiveProfiles] and class [com.demo.seleniumspring.googletests.GoogleSearch1Test]
11:45:09.069 [main] DEBUG org.springframework.context.annotation.ClassPathScanningCandidateComponentProvider - Identified candidate component class: file [C:\Users\HARI HARAN\Downloads\SeleniumSpringBoot-main\SeleniumSpringBoot-main\target\classes\com\demo\seleniumspring\SeleniumSpringApplication.class]
11:45:09.072 [main] INFO org.springframework.boot.test.context.SpringBootTestContextBootstrapper - Found @SpringBootConfiguration com.demo.seleniumspring.SeleniumSpringApplication for test class com.demo.seleniumspring.googletests.GoogleSearch1Test
11:45:09.399 [main] DEBUG org.springframework.boot.test.context.SpringBootTestContextBootstrapper - Skipping candidate TestExecutionListener [org.springframework.test.context.web.ServletTestExecutionListener] due to a missing dependency. Specify custom listener classes or make the default listener classes and their required dependencies available. Offending class: [javax/servlet/ServletContext]
11:45:09.412 [main] INFO org.springframework.boot.test.context.SpringBootTestContextBootstrapper - Using TestExecutionListeners: [org.springframework.test.context.support.DirtiesContextBeforeModesTestExecutionListener@79c97cb, org.springframework.test.context.event.ApplicationEventsTestExecutionListener@2d9caaeb, org.springframework.test.context.support.DependencyInjectionTestExecutionListener@42a15bdc, org.springframework.test.context.support.DirtiesContextTestExecutionListener@44a59da3, org.springframework.test.context.event.EventPublishingTestExecutionListener@27e47833]
11:45:09.620 [main] DEBUG org.springframework.test.context.BootstrapUtils - Instantiating CacheAwareContextLoaderDelegate from class [org.springframework.test.context.cache.DefaultCacheAwareContextLoaderDelegate]
11:45:09.621 [main] DEBUG org.springframework.test.context.BootstrapUtils - Instantiating BootstrapContext using constructor [public org.springframework.test.context.support.DefaultBootstrapContext(java.lang.Class,org.springframework.test.context.CacheAwareContextLoaderDelegate)]
11:45:09.623 [main] DEBUG org.springframework.test.context.BootstrapUtils - Instantiating TestContextBootstrapper for test class [com.demo.seleniumspring.googletests.GoogleSearch2Test] from class [org.springframework.boot.test.context.SpringBootTestContextBootstrapper]
11:45:09.624 [main] INFO org.springframework.boot.test.context.SpringBootTestContextBootstrapper - Neither @ContextConfiguration nor @ContextHierarchy found for test class [com.demo.seleniumspring.googletests.GoogleSearch2Test], using SpringBootContextLoader
11:45:09.625 [main] DEBUG org.springframework.test.context.support.AbstractContextLoader - Did not detect default resource location for test class [com.demo.seleniumspring.googletests.GoogleSearch2Test]: class path resource [com/demo/seleniumspring/googletests/GoogleSearch2Test-context.xml] does not exist
11:45:09.626 [main] DEBUG org.springframework.test.context.support.AbstractContextLoader - Did not detect default resource location for test class [com.demo.seleniumspring.googletests.GoogleSearch2Test]: class path resource [com/demo/seleniumspring/googletests/GoogleSearch2TestContext.groovy] does not exist
11:45:09.626 [main] INFO org.springframework.test.context.support.AbstractContextLoader - Could not detect default resource locations for test class [com.demo.seleniumspring.googletests.GoogleSearch2Test]: no resource found for suffixes {-context.xml, Context.groovy}.
11:45:09.627 [main] INFO org.springframework.test.context.support.AnnotationConfigContextLoaderUtils - Could not detect default configuration classes for test class [com.demo.seleniumspring.googletests.GoogleSearch2Test]: GoogleSearch2Test does not declare any static, non-private, non-final, nested classes annotated with @Configuration.
11:45:09.634 [main] DEBUG org.springframework.test.context.support.ActiveProfilesUtils - Could not find an 'annotation declaring class' for annotation type [org.springframework.test.context.ActiveProfiles] and class [com.demo.seleniumspring.googletests.GoogleSearch2Test]
11:45:09.635 [main] INFO org.springframework.boot.test.context.SpringBootTestContextBootstrapper - Found @SpringBootConfiguration com.demo.seleniumspring.SeleniumSpringApplication for test class com.demo.seleniumspring.googletests.GoogleSearch2Test
11:45:09.657 [main] DEBUG org.springframework.boot.test.context.SpringBootTestContextBootstrapper - Skipping candidate TestExecutionListener [org.springframework.test.context.web.ServletTestExecutionListener] due to a missing dependency. Specify custom listener classes or make the default listener classes and their required dependencies available. Offending class: [javax/servlet/ServletContext]
11:45:09.657 [main] INFO org.springframework.boot.test.context.SpringBootTestContextBootstrapper - Using TestExecutionListeners: [org.springframework.test.context.support.DirtiesContextBeforeModesTestExecutionListener@732d0d24, org.springframework.test.context.event.ApplicationEventsTestExecutionListener@1fb19a0, org.springframework.test.context.support.DependencyInjectionTestExecutionListener@6ee4d9ab, org.springframework.test.context.support.DirtiesContextTestExecutionListener@5a5338df, org.springframework.test.context.event.EventPublishingTestExecutionListener@418c5a9c]
11:45:09.670 [main] DEBUG org.springframework.test.context.BootstrapUtils - Instantiating CacheAwareContextLoaderDelegate from class [org.springframework.test.context.cache.DefaultCacheAwareContextLoaderDelegate]
11:45:09.670 [main] DEBUG org.springframework.test.context.BootstrapUtils - Instantiating BootstrapContext using constructor [public org.springframework.test.context.support.DefaultBootstrapContext(java.lang.Class,org.springframework.test.context.CacheAwareContextLoaderDelegate)]
11:45:09.671 [main] DEBUG org.springframework.test.context.BootstrapUtils - Instantiating TestContextBootstrapper for test class [com.demo.seleniumspring.SpringBaseTestNGTest] from class [org.springframework.boot.test.context.SpringBootTestContextBootstrapper]
11:45:09.673 [main] INFO org.springframework.boot.test.context.SpringBootTestContextBootstrapper - Neither @ContextConfiguration nor @ContextHierarchy found for test class [com.demo.seleniumspring.SpringBaseTestNGTest], using SpringBootContextLoader
11:45:09.681 [main] DEBUG org.springframework.test.context.support.AbstractContextLoader - Did not detect default resource location for test class [com.demo.seleniumspring.SpringBaseTestNGTest]: class path resource [com/demo/seleniumspring/SpringBaseTestNGTest-context.xml] does not exist
11:45:09.683 [main] DEBUG org.springframework.test.context.support.AbstractContextLoader - Did not detect default resource location for test class [com.demo.seleniumspring.SpringBaseTestNGTest]: class path resource [com/demo/seleniumspring/SpringBaseTestNGTestContext.groovy] does not exist
11:45:09.683 [main] INFO org.springframework.test.context.support.AbstractContextLoader - Could not detect default resource locations for test class [com.demo.seleniumspring.SpringBaseTestNGTest]: no resource found for suffixes {-context.xml, Context.groovy}.
11:45:09.683 [main] INFO org.springframework.test.context.support.AnnotationConfigContextLoaderUtils - Could not detect default configuration classes for test class [com.demo.seleniumspring.SpringBaseTestNGTest]: SpringBaseTestNGTest does not declare any static, non-private, non-final, nested classes annotated with @Configuration.
11:45:09.688 [main] DEBUG org.springframework.test.context.support.ActiveProfilesUtils - Could not find an 'annotation declaring class' for annotation type [org.springframework.test.context.ActiveProfiles] and class [com.demo.seleniumspring.SpringBaseTestNGTest]
11:45:09.703 [main] DEBUG org.springframework.context.annotation.ClassPathScanningCandidateComponentProvider - Identified candidate component class: file [C:\Users\HARI HARAN\Downloads\SeleniumSpringBoot-main\SeleniumSpringBoot-main\target\classes\com\demo\seleniumspring\SeleniumSpringApplication.class]
11:45:09.707 [main] INFO org.springframework.boot.test.context.SpringBootTestContextBootstrapper - Found @SpringBootConfiguration com.demo.seleniumspring.SeleniumSpringApplication for test class com.demo.seleniumspring.SpringBaseTestNGTest
11:45:09.720 [main] DEBUG org.springframework.boot.test.context.SpringBootTestContextBootstrapper - Skipping candidate TestExecutionListener [org.springframework.test.context.web.ServletTestExecutionListener] due to a missing dependency. Specify custom listener classes or make the default listener classes and their required dependencies available. Offending class: [javax/servlet/ServletContext]
11:45:09.721 [main] INFO org.springframework.boot.test.context.SpringBootTestContextBootstrapper - Using TestExecutionListeners: [org.springframework.test.context.support.DirtiesContextBeforeModesTestExecutionListener@332729ad, org.springframework.test.context.event.ApplicationEventsTestExecutionListener@75d2da2d, org.springframework.test.context.support.DependencyInjectionTestExecutionListener@4278284b, org.springframework.test.context.support.DirtiesContextTestExecutionListener@9573584, org.springframework.test.context.event.EventPublishingTestExecutionListener@3370f42]
11:45:09.868 [main] DEBUG org.springframework.test.context.support.AbstractDirtiesContextTestExecutionListener - Before test class: context [DefaultTestContext@d41f816 testClass = GoogleSearch1Test, testInstance = [null], testMethod = [null], testException = [null], mergedContextConfiguration = [MergedContextConfiguration@5c2375a9 testClass = GoogleSearch1Test, locations = '{}', classes = '{class com.demo.seleniumspring.SeleniumSpringApplication}', contextInitializerClasses = '[]', activeProfiles = '{}', propertySourceLocations = '{}', propertySourceProperties = '{org.springframework.boot.test.context.SpringBootTestContextBootstrapper=true}', contextCustomizers = set[org.springframework.boot.test.context.filter.ExcludeFilterContextCustomizer@672872e1, org.springframework.boot.test.json.DuplicateJsonObjectContextCustomizerFactory$DuplicateJsonObjectContextCustomizer@2b4bac49, org.springframework.boot.test.mock.mockito.MockitoContextCustomizer@0, org.springframework.boot.test.web.client.TestRestTemplateContextCustomizer@41c2284a, org.springframework.boot.test.autoconfigure.actuate.metrics.MetricsExportContextCustomizerFactory$DisableMetricExportContextCustomizer@6f27a732, org.springframework.boot.test.autoconfigure.properties.PropertyMappingContextCustomizer@0, org.springframework.boot.test.autoconfigure.web.servlet.WebDriverContextCustomizerFactory$Customizer@865dd6, org.springframework.boot.test.context.SpringBootTestArgs@1, org.springframework.boot.test.context.SpringBootTestWebEnvironment@557caf28], contextLoader = 'org.springframework.boot.test.context.SpringBootContextLoader', parent = [null]], attributes = map[[empty]]], class annotated with @DirtiesContext [false] with mode [null].
11:45:09.876 [main] DEBUG org.springframework.test.context.support.DependencyInjectionTestExecutionListener - Performing dependency injection for test context [[DefaultTestContext@d41f816 testClass = GoogleSearch1Test, testInstance = com.demo.seleniumspring.googletests.GoogleSearch1Test@7cbd9d24, testMethod = [null], testException = [null], mergedContextConfiguration = [MergedContextConfiguration@5c2375a9 testClass = GoogleSearch1Test, locations = '{}', classes = '{class com.demo.seleniumspring.SeleniumSpringApplication}', contextInitializerClasses = '[]', activeProfiles = '{}', propertySourceLocations = '{}', propertySourceProperties = '{org.springframework.boot.test.context.SpringBootTestContextBootstrapper=true}', contextCustomizers = set[org.springframework.boot.test.context.filter.ExcludeFilterContextCustomizer@672872e1, org.springframework.boot.test.json.DuplicateJsonObjectContextCustomizerFactory$DuplicateJsonObjectContextCustomizer@2b4bac49, org.springframework.boot.test.mock.mockito.MockitoContextCustomizer@0, org.springframework.boot.test.web.client.TestRestTemplateContextCustomizer@41c2284a, org.springframework.boot.test.autoconfigure.actuate.metrics.MetricsExportContextCustomizerFactory$DisableMetricExportContextCustomizer@6f27a732, org.springframework.boot.test.autoconfigure.properties.PropertyMappingContextCustomizer@0, org.springframework.boot.test.autoconfigure.web.servlet.WebDriverContextCustomizerFactory$Customizer@865dd6, org.springframework.boot.test.context.SpringBootTestArgs@1, org.springframework.boot.test.context.SpringBootTestWebEnvironment@557caf28], contextLoader = 'org.springframework.boot.test.context.SpringBootContextLoader', parent = [null]], attributes = map['org.springframework.test.context.event.ApplicationEventsTestExecutionListener.recordApplicationEvents' -> false]]].
11:45:09.963 [main] DEBUG org.springframework.test.context.support.TestPropertySourceUtils - Adding inlined properties to environment: {spring.jmx.enabled=false, org.springframework.boot.test.context.SpringBootTestContextBootstrapper=true}

  .   ____          _            __ _ _
 /\\ / ___'_ __ _ _(_)_ __  __ _ \ \ \ \
( ( )\___ | '_ | '_| | '_ \/ _` | \ \ \ \
 \\/  ___)| |_)| | | | | || (_| |  ) ) ) )
  '  |____| .__|_| |_|_| |_\__, | / / / /
 =========|_|==============|___/=/_/_/_/
 :: Spring Boot ::                (v2.5.3)

2022-03-11 11:45:10.601  INFO 13308 --- [           main] c.d.s.googletests.GoogleSearch1Test      : Starting GoogleSearch1Test using Java 17.0.2 on HARIHRAN with PID 13308 (C:\Users\HARI HARAN\Downloads\SeleniumSpringBoot-main\SeleniumSpringBoot-main\target\test-classes started by HARI HARAN in C:\Users\HARI HARAN\Downloads\SeleniumSpringBoot-main\SeleniumSpringBoot-main)
2022-03-11 11:45:10.606  INFO 13308 --- [           main] c.d.s.googletests.GoogleSearch1Test      : No active profile set, falling back to default profiles: default
2022-03-11 11:45:12.024  INFO 13308 --- [           main] c.d.s.googletests.GoogleSearch1Test      : Started GoogleSearch1Test in 2.054 seconds (JVM running for 4.956)
2022-03-11 11:45:14.232  INFO 13308 --- [           main] i.g.bonigarcia.wdm.WebDriverManager      : Using chromedriver 99.0.4844.51 (resolved driver for Chrome 99)
2022-03-11 11:45:14.273  INFO 13308 --- [           main] i.g.bonigarcia.wdm.WebDriverManager      : Exporting webdriver.chrome.driver as C:\Users\HARI HARAN\.cache\selenium\chromedriver\win32\99.0.4844.51\chromedriver.exe
2022-03-11 11:45:19.065  INFO 13308 --- [ null to remote] o.o.selenium.remote.ProtocolHandshake    : Detected dialect: W3C
]]></system-out>
    <system-err><![CDATA[Starting ChromeDriver 99.0.4844.51 (d537ec02474b5afe23684e7963d538896c63ac77-refs/branch-heads/4844@{#875}) on port 29042
Only local connections are allowed.
Please see https://chromedriver.chromium.org/security-considerations for suggestions on keeping ChromeDriver safe.
ChromeDriver was started successfully.
]]></system-err>
  </testcase>
  <testcase name="GoogleTest" classname="com.demo.seleniumspring.googletests.GoogleSearch2Test" time="0.007">
    <failure message="no such window: target window already closed&#10;from unknown error: web view not found&#10;  (Session info: chrome=99.0.4844.51)&#10;Build info: version: &apos;3.141.59&apos;, revision: &apos;e82be7d358&apos;, time: &apos;2018-11-14T08:17:03&apos;&#10;System info: host: &apos;HARIHRAN&apos;, ip: &apos;192.168.24.163&apos;, os.name: &apos;Windows 11&apos;, os.arch: &apos;amd64&apos;, os.version: &apos;10.0&apos;, java.version: &apos;17.0.2&apos;&#10;Driver info: org.openqa.selenium.chrome.ChromeDriver&#10;Capabilities {acceptInsecureCerts: false, browserName: chrome, browserVersion: 99.0.4844.51, chrome: {chromedriverVersion: 99.0.4844.51 (d537ec02474b5..., userDataDir: C:\Users\HARIHA~1\AppData\L...}, goog:chromeOptions: {debuggerAddress: localhost:65247}, javascriptEnabled: true, networkConnectionEnabled: false, pageLoadStrategy: normal, platform: WINDOWS, platformName: WINDOWS, proxy: Proxy(), setWindowRect: true, strictFileInteractability: false, timeouts: {implicit: 0, pageLoad: 300000, script: 30000}, unhandledPromptBehavior: dismiss and notify, webauthn:extension:credBlob: true, webauthn:extension:largeBlob: true, webauthn:virtualAuthenticators: true}&#10;Session ID: 8bbcefd9e2758b787df48909a5029f41" type="org.openqa.selenium.NoSuchWindowException">org.openqa.selenium.NoSuchWindowException: 
no such window: target window already closed
from unknown error: web view not found
  (Session info: chrome=99.0.4844.51)
Build info: version: '3.141.59', revision: 'e82be7d358', time: '2018-11-14T08:17:03'
System info: host: 'HARIHRAN', ip: '192.168.24.163', os.name: 'Windows 11', os.arch: 'amd64', os.version: '10.0', java.version: '17.0.2'
Driver info: org.openqa.selenium.chrome.ChromeDriver
Capabilities {acceptInsecureCerts: false, browserName: chrome, browserVersion: 99.0.4844.51, chrome: {chromedriverVersion: 99.0.4844.51 (d537ec02474b5..., userDataDir: C:\Users\HARIHA~1\AppData\L...}, goog:chromeOptions: {debuggerAddress: localhost:65247}, javascriptEnabled: true, networkConnectionEnabled: false, pageLoadStrategy: normal, platform: WINDOWS, platformName: WINDOWS, proxy: Proxy(), setWindowRect: true, strictFileInteractability: false, timeouts: {implicit: 0, pageLoad: 300000, script: 30000}, unhandledPromptBehavior: dismiss and notify, webauthn:extension:credBlob: true, webauthn:extension:largeBlob: true, webauthn:virtualAuthenticators: true}
Session ID: 8bbcefd9e2758b787df48909a5029f41
	at com.demo.seleniumspring.googletests.GoogleSearch2Test.GoogleTest(GoogleSearch2Test.java:24)
</failure>
  </testcase>
</testsuite>